<?xml version="1.0" encoding="UTF-8"?>
<testng-results ignored="0" total="1" passed="1" failed="0" skipped="0">
  <reporter-output>
  </reporter-output>
  <suite started-at="2022-04-07T16:00:02 IST" name="Default suite" finished-at="2022-04-07T16:00:13 IST" duration-ms="11750">
    <groups>
    </groups>
    <test started-at="2022-04-07T16:00:02 IST" name="Default test" finished-at="2022-04-07T16:00:13 IST" duration-ms="11750">
      <class name="pack01.AlertsDemo01">
        <test-method signature="acceptAlert()[pri:0, instance:pack01.AlertsDemo01@5939a379]" started-at="2022-04-07T16:00:02 IST" name="acceptAlert" finished-at="2022-04-07T16:00:13 IST" duration-ms="11657" status="PASS">
          <reporter-output>
          </reporter-output>
        </test-method> <!-- acceptAlert -->
      </class> <!-- pack01.AlertsDemo01 -->
    </test> <!-- Default test -->
  </suite> <!-- Default suite -->
</testng-results>
